<?xml version="1.0" encoding="UTF-8"?>
<!-- Generated by org.testng.reporters.JUnitXMLReporter -->
<testsuite hostname="DESKTOP-1BDQC6B" ignored="1" name="Dependency test" tests="2" failures="1" timestamp="15 Nov 2020 16:31:06 GMT" time="0.014" errors="0">
  <testcase name="registerUser" time="0.003" classname="testnglearning.TestCase3">
    <failure type="java.lang.AssertionError" message="Submit button missing">
      <![CDATA[java.lang.AssertionError: Submit button missing
at testnglearning.TestCase3.registerUser(TestCase3.java:17)
... Removed 26 stack frames]]>
    </failure>
  </testcase> <!-- registerUser -->
  <testcase name="isSkip" time="0.002" classname="testnglearning.TestCase3">
    <skipped/>
  </testcase> <!-- isSkip -->
  <testcase name="doLogin" time="0.0" classname="testnglearning.TestCase3">
    <ignored/>
  </testcase> <!-- doLogin -->
</testsuite> <!-- Dependency test -->
