<?xml version="1.0" encoding="UTF-8"?>
<testng-results skipped="0" failed="0" ignored="0" total="2" passed="2">
  <reporter-output>
  </reporter-output>
  <suite name="Learning TestNG" duration-ms="932" started-at="2020-11-23T10:09:41Z" finished-at="2020-11-23T10:09:42Z">
    <groups>
    </groups>
    <test name="Bank Manager Login Test" duration-ms="248" started-at="2020-11-23T10:09:41Z" finished-at="2020-11-23T10:09:41Z">
      <class name="testcases.BankManagerLoginTest">
        <test-method status="PASS" signature="loginAsBankManager()[pri:0, instance:testcases.BankManagerLoginTest@4b520ea8]" name="loginAsBankManager" duration-ms="229" started-at="2020-11-23T10:09:41Z" finished-at="2020-11-23T10:09:41Z">
          <reporter-output>
          </reporter-output>
        </test-method> <!-- loginAsBankManager -->
      </class> <!-- testcases.BankManagerLoginTest -->
    </test> <!-- Bank Manager Login Test -->
    <test name="Add Customer Test" duration-ms="412" started-at="2020-11-23T10:09:41Z" finished-at="2020-11-23T10:09:42Z">
      <class name="testcases.AddCustomerTest">
        <test-method status="PASS" signature="setUp()[pri:0, instance:testcases.AddCustomerTest@7bbc8656]" name="setUp" is-config="true" duration-ms="6862" started-at="2020-11-23T10:09:34Z" finished-at="2020-11-23T10:09:41Z">
          <reporter-output>
          </reporter-output>
        </test-method> <!-- setUp -->
        <test-method status="PASS" signature="addCustomerTest(java.lang.String, java.lang.String, java.lang.String)[pri:0, instance:testcases.AddCustomerTest@7bbc8656]" name="addCustomerTest" duration-ms="398" started-at="2020-11-23T10:09:41Z" data-provider="dp" finished-at="2020-11-23T10:09:42Z">
          <params>
            <param index="0">
              <value>
                <![CDATA[Rahul]]>
              </value>
            </param>
            <param index="1">
              <value>
                <![CDATA[Arora]]>
              </value>
            </param>
            <param index="2">
              <value>
                <![CDATA[A123213]]>
              </value>
            </param>
          </params>
          <reporter-output>
          </reporter-output>
        </test-method> <!-- addCustomerTest -->
        <test-method status="PASS" signature="tearDown()[pri:0, instance:testcases.AddCustomerTest@7bbc8656]" name="tearDown" is-config="true" duration-ms="635" started-at="2020-11-23T10:09:42Z" finished-at="2020-11-23T10:09:42Z">
          <reporter-output>
          </reporter-output>
        </test-method> <!-- tearDown -->
      </class> <!-- testcases.AddCustomerTest -->
    </test> <!-- Add Customer Test -->
  </suite> <!-- Learning TestNG -->
</testng-results>
