<?xml version="1.0" encoding="UTF-8"?>
<!-- Generated by org.testng.reporters.JUnitXMLReporter -->
<testsuite hostname="DESKTOP-1BDQC6B" ignored="0" name="Bank Manager Login Test" tests="4" failures="0" timestamp="29 Nov 2020 15:30:09 GMT" time="52.034" errors="0">
  <testcase name="findCarTest" time="13.055" classname="testcases.FindNewCarTest"/>
  <testcase name="findCarTest" time="12.377" classname="testcases.FindNewCarTest"/>
  <testcase name="findCarTest" time="10.87" classname="testcases.FindNewCarTest"/>
  <testcase name="findCarTest" time="11.567" classname="testcases.FindNewCarTest"/>
</testsuite> <!-- Bank Manager Login Test -->
