<?xml version="1.0" encoding="UTF-8"?>
<!-- Generated by org.testng.reporters.JUnitXMLReporter -->
<testsuite hostname="DESKTOP-1BDQC6B" ignored="0" name="Car Name and Price Test" tests="4" failures="0" timestamp="29 Nov 2020 15:53:22 GMT" time="58.13" errors="0">
  <testcase name="carNameandPriceTest" time="13.512" classname="testcases.CarNameAndPriceTest"/>
  <testcase name="carNameandPriceTest" time="14.148" classname="testcases.CarNameAndPriceTest"/>
  <testcase name="carNameandPriceTest" time="14.036" classname="testcases.CarNameAndPriceTest"/>
  <testcase name="carNameandPriceTest" time="11.821" classname="testcases.CarNameAndPriceTest"/>
</testsuite> <!-- Car Name and Price Test -->
