<?xml version="1.0" encoding="UTF-8"?>
<!-- Generated by org.testng.reporters.JUnitXMLReporter -->
<testsuite hostname="DESKTOP-1BDQC6B" ignored="0" name="Find New Car Test" tests="4" failures="0" timestamp="29 Nov 2020 15:56:01 GMT" time="14.195" errors="0">
  <testcase name="findCarTest" time="13.187" classname="testcases.FindNewCarTest"/>
  <testcase name="findCarTest" time="0.004" classname="testcases.FindNewCarTest">
    <skipped/>
  </testcase> <!-- findCarTest -->
  <testcase name="findCarTest" time="0.002" classname="testcases.FindNewCarTest">
    <skipped/>
  </testcase> <!-- findCarTest -->
  <testcase name="findCarTest" time="0.001" classname="testcases.FindNewCarTest">
    <skipped/>
  </testcase> <!-- findCarTest -->
</testsuite> <!-- Find New Car Test -->
