<?xml version="1.0" encoding="UTF-8"?>
<testng-results skipped="0" failed="0" ignored="0" total="2" passed="2">
  <reporter-output>
  </reporter-output>
  <suite name="Learning TestNG" duration-ms="2059" started-at="2020-11-22T16:29:10Z" finished-at="2020-11-22T16:29:12Z">
    <groups>
    </groups>
    <test name="Bank Manager Login Test" duration-ms="565" started-at="2020-11-22T16:29:10Z" finished-at="2020-11-22T16:29:11Z">
      <class name="testcases.BankManagerLoginTest">
        <test-method status="PASS" signature="loginAsBankManager()[pri:0, instance:testcases.BankManagerLoginTest@5d0bf09b]" name="loginAsBankManager" duration-ms="532" started-at="2020-11-22T16:29:10Z" finished-at="2020-11-22T16:29:11Z">
          <reporter-output>
          </reporter-output>
        </test-method> <!-- loginAsBankManager -->
      </class> <!-- testcases.BankManagerLoginTest -->
    </test> <!-- Bank Manager Login Test -->
    <test name="Add Customer Test" duration-ms="925" started-at="2020-11-22T16:29:11Z" finished-at="2020-11-22T16:29:12Z">
      <class name="testcases.AddCustomerTest">
        <test-method status="PASS" signature="setUp()[pri:0, instance:testcases.AddCustomerTest@17f9d882]" name="setUp" is-config="true" duration-ms="10572" started-at="2020-11-22T16:29:00Z" finished-at="2020-11-22T16:29:10Z">
          <reporter-output>
          </reporter-output>
        </test-method> <!-- setUp -->
        <test-method status="PASS" signature="addCustomerTest(java.lang.String, java.lang.String, java.lang.String)[pri:0, instance:testcases.AddCustomerTest@17f9d882]" name="addCustomerTest" duration-ms="899" started-at="2020-11-22T16:29:11Z" data-provider="dp" finished-at="2020-11-22T16:29:12Z">
          <params>
            <param index="0">
              <value>
                <![CDATA[Rahul]]>
              </value>
            </param>
            <param index="1">
              <value>
                <![CDATA[Arora]]>
              </value>
            </param>
            <param index="2">
              <value>
                <![CDATA[A123213]]>
              </value>
            </param>
          </params>
          <reporter-output>
          </reporter-output>
        </test-method> <!-- addCustomerTest -->
        <test-method status="PASS" signature="tearDown()[pri:0, instance:testcases.AddCustomerTest@17f9d882]" name="tearDown" is-config="true" duration-ms="863" started-at="2020-11-22T16:29:12Z" finished-at="2020-11-22T16:29:13Z">
          <reporter-output>
          </reporter-output>
        </test-method> <!-- tearDown -->
      </class> <!-- testcases.AddCustomerTest -->
    </test> <!-- Add Customer Test -->
  </suite> <!-- Learning TestNG -->
</testng-results>
