<?xml version="1.0" encoding="UTF-8"?>
<testng-results skipped="0" failed="0" ignored="0" total="2" passed="2">
  <reporter-output>
  </reporter-output>
  <suite name="Learning TestNG" duration-ms="2053" started-at="2020-11-21T15:59:54Z" finished-at="2020-11-21T15:59:56Z">
    <groups>
    </groups>
    <test name="Login Test on Chrome" duration-ms="2053" started-at="2020-11-21T15:59:54Z" finished-at="2020-11-21T15:59:56Z">
      <class name="testnglearning.TestParameters">
        <test-method status="PASS" signature="doLogin(java.lang.String, java.lang.String)[pri:0, instance:testnglearning.TestParameters@598067a5]" name="doLogin" duration-ms="2021" started-at="2020-11-21T15:59:54Z" finished-at="2020-11-21T15:59:56Z">
          <params>
            <param index="0">
              <value>
                <![CDATA[chrome]]>
              </value>
            </param>
            <param index="1">
              <value>
                <![CDATA[http://gmail.com]]>
              </value>
            </param>
          </params>
          <reporter-output>
          </reporter-output>
        </test-method> <!-- doLogin -->
      </class> <!-- testnglearning.TestParameters -->
    </test> <!-- Login Test on Chrome -->
    <test name="Login Test on Firefox" duration-ms="2053" started-at="2020-11-21T15:59:54Z" finished-at="2020-11-21T15:59:56Z">
      <class name="testnglearning.TestParameters">
        <test-method status="PASS" signature="doLogin(java.lang.String, java.lang.String)[pri:0, instance:testnglearning.TestParameters@3159c4b8]" name="doLogin" duration-ms="2021" started-at="2020-11-21T15:59:54Z" finished-at="2020-11-21T15:59:56Z">
          <params>
            <param index="0">
              <value>
                <![CDATA[firefox]]>
              </value>
            </param>
            <param index="1">
              <value>
                <![CDATA[http://facebook.com]]>
              </value>
            </param>
          </params>
          <reporter-output>
          </reporter-output>
        </test-method> <!-- doLogin -->
      </class> <!-- testnglearning.TestParameters -->
    </test> <!-- Login Test on Firefox -->
  </suite> <!-- Learning TestNG -->
</testng-results>
